<?xml version="1.0" encoding="UTF-8"?>
<!-- Generated by org.testng.reporters.JUnitReportReporter -->
<testsuite skipped="0" hostname="797SHARE-TPL-NL" name="com.qa.Test.TestApp" tests="4" failures="0" timestamp="2020-07-02T23:09:47 IST" time="0.032" errors="0">
  <testcase name="add" time="0.031" classname="com.qa.Test.TestApp"/>
  <system-out/>
  <testcase name="sub" time="0.000" classname="com.qa.Test.TestApp"/>
  <system-out/>
  <testcase name="mul" time="0.001" classname="com.qa.Test.TestApp"/>
  <system-out/>
  <testcase name="div" time="0.000" classname="com.qa.Test.TestApp"/>
  <system-out/>
</testsuite> <!-- com.qa.Test.TestApp -->
